
(nautilus:26044): GLib-GIO-CRITICAL **: g_dbus_interface_skeleton_unexport: assertion 'interface_->priv->connections != NULL' failed

(nautilus:26044): GLib-GIO-CRITICAL **: g_dbus_interface_skeleton_unexport: assertion 'interface_->priv->connections != NULL' failed

(nautilus:26044): Gtk-CRITICAL **: gtk_icon_theme_get_for_screen: assertion 'GDK_IS_SCREEN (screen)' failed

(nautilus:26044): GLib-GObject-WARNING **: invalid (NULL) pointer instance

(nautilus:26044): GLib-GObject-CRITICAL **: g_signal_connect_object: assertion 'G_TYPE_CHECK_INSTANCE (instance)' failed

(firefox:26065): Gtk-WARNING **: Theme parsing error: <data>:1:34: Expected ')' in color definition

(firefox:26065): Gtk-WARNING **: Theme parsing error: <data>:1:77: Expected ')' in color definition
javaldx: Could not find a Java Runtime Environment!
Warning: failed to read path from javaldx

(soffice:26416): Gdk-WARNING **: gdk_window_set_icon_list: icons too large

(soffice:26416): Gdk-WARNING **: gdk_window_set_icon_list: icons too large

(nautilus:26459): GLib-GIO-CRITICAL **: g_dbus_interface_skeleton_unexport: assertion 'interface_->priv->connections != NULL' failed

(nautilus:26459): GLib-GIO-CRITICAL **: g_dbus_interface_skeleton_unexport: assertion 'interface_->priv->connections != NULL' failed

(nautilus:26459): Gtk-CRITICAL **: gtk_icon_theme_get_for_screen: assertion 'GDK_IS_SCREEN (screen)' failed

(nautilus:26459): GLib-GObject-WARNING **: invalid (NULL) pointer instance

(nautilus:26459): GLib-GObject-CRITICAL **: g_signal_connect_object: assertion 'G_TYPE_CHECK_INSTANCE (instance)' failed
WARN  2018-12-02 13:24:41 unity.iconloader IconLoader.cpp:756 Unable to load icon file:/// at size -1x22: No se puede abrir el directorio
WARN  2018-12-02 13:24:45 unity.shell.compiz unityshell.cpp:3271 Animation plugin not found. Can't set minimize speed.
WARN  2018-12-02 13:24:48 unity.shell.compiz unityshell.cpp:3271 Animation plugin not found. Can't set minimize speed.
WARN  2018-12-02 13:24:50 unity.shell.compiz unityshell.cpp:3271 Animation plugin not found. Can't set minimize speed.
WARN  2018-12-02 13:24:53 unity.shell.compiz unityshell.cpp:3271 Animation plugin not found. Can't set minimize speed.

(soffice:26416): Gdk-WARNING **: gdk_window_set_icon_list: icons too large
